#
# There is insufficient memory for the Java Runtime Environment to continue.
# Native memory allocation (mmap) failed to map 134217728 bytes for G1 virtual space
# Possible reasons:
#   The system is out of physical RAM or swap space
#   The process is running with CompressedOops enabled, and the Java Heap may be blocking the growth of the native heap
# Possible solutions:
#   Reduce memory load on the system
#   Increase physical memory or swap space
#   Check if swap backing store is full
#   Decrease Java heap size (-Xmx/-Xms)
#   Decrease number of Java threads
#   Decrease Java thread stack sizes (-Xss)
#   Set larger code cache with -XX:ReservedCodeCacheSize=
#   JVM is running with Unscaled Compressed Oops mode in which the Java heap is
#     placed in the first 4GB address space. The Java Heap base address is the
#     maximum limit for the native heap growth. Please use -XX:HeapBaseMinAddress
#     to set the Java Heap base and to place the Java Heap above 4GB virtual address.
# This output file may be truncated or incomplete.
#
#  Out of Memory Error (os_windows.cpp:3550), pid=14760, tid=18852
#
# JRE version:  (17.0.6+9) (build )
# Java VM: Java HotSpot(TM) 64-Bit Server VM (17.0.6+9-LTS-190, mixed mode, sharing, tiered, compressed oops, compressed class ptrs, g1 gc, windows-amd64)
# No core dump will be written. Minidumps are not enabled by default on client versions of Windows
#

---------------  S U M M A R Y ------------

Command Line: -Dfile.encoding=UTF-8 -agentlib:jdwp=transport=dt_shmem,address=javadebug --module-path=C:\Users\hp\OneDrive\Documents\NetBeansProjects\Electricity Billing System\build\classes electricity.billing.system.Project

Host: Intel(R) Core(TM) i5-8265U CPU @ 1.60GHz, 8 cores, 7G,  Windows 11 , 64 bit Build 22621 (10.0.22621.1344)
Time: Thu Apr 13 14:00:37 2023 Bangladesh Standard Time elapsed time: 0.018877 seconds (0d 0h 0m 0s)

---------------  T H R E A D  ---------------

Current thread (0x000001ab099fbdb0):  JavaThread "Unknown thread" [_thread_in_vm, id=18852, stack(0x0000003293b00000,0x0000003293c00000)]

Stack: [0x0000003293b00000,0x0000003293c00000]
Native frames: (J=compiled Java code, j=interpreted, Vv=VM code, C=native code)
V  [jvm.dll+0x6734ea]
V  [jvm.dll+0x7d18f4]
V  [jvm.dll+0x7d309e]
V  [jvm.dll+0x7d3703]
V  [jvm.dll+0x2433c5]
V  [jvm.dll+0x6703f9]
V  [jvm.dll+0x664d32]
V  [jvm.dll+0x300086]
V  [jvm.dll+0x307606]
V  [jvm.dll+0x356c1e]
V  [jvm.dll+0x356e4f]
V  [jvm.dll+0x2d72e8]
V  [jvm.dll+0x2d8254]
V  [jvm.dll+0x7a33b1]
V  [jvm.dll+0x3647f1]
V  [jvm.dll+0x782839]
V  [jvm.dll+0x3e757f]
V  [jvm.dll+0x3e9001]
C  [jli.dll+0x5297]
C  [ucrtbase.dll+0x29363]
C  [KERNEL32.DLL+0x126bd]
C  [ntdll.dll+0x5a9f8]


---------------  P R O C E S S  ---------------

Threads class SMR info:
_java_thread_list=0x00007ffe3751e958, length=0, elements={
}

Java Threads: ( => current thread )

Other Threads:
  0x000001ab09a56f30 GCTaskThread "GC Thread#0" [stack: 0x0000003293c00000,0x0000003293d00000] [id=10932]
  0x000001ab09a67b60 ConcurrentGCThread "G1 Main Marker" [stack: 0x0000003293d00000,0x0000003293e00000] [id=13272]
  0x000001ab09a69330 ConcurrentGCThread "G1 Conc#0" [stack: 0x0000003293e00000,0x0000003293f00000] [id=10020]

[error occurred during error reporting (printing all threads), id 0xc0000005, EXCEPTION_ACCESS_VIOLATION (0xc0000005) at pc=0x00007ffe36d57f07]

VM state: not at safepoint (not fully initialized)

VM Mutex/Monitor currently owned by a thread:  ([mutex/lock_event])
[0x000001ab099f9080] Heap_lock - owner thread: 0x000001ab099fbdb0

Heap address: 0x0000000081c00000, size: 2020 MB, Compressed Oops mode: 32-bit

CDS archive(s) mapped at: [0x0000000000000000-0x0000000000000000-0x0000000000000000), size 0, SharedBaseAddress: 0x0000000800000000, ArchiveRelocationMode: 0.
Narrow klass base: 0x0000000000000000, Narrow klass shift: 0, Narrow klass range: 0x0

GC Precious Log:
<Empty>

Heap:
 garbage-first heap   total 0K, used 0K [0x0000000081c00000, 0x0000000100000000)
  region size 1024K, 0 young (0K), 0 survivors (0K)

[error occurred during error reporting (printing heap information), id 0xc0000005, EXCEPTION_ACCESS_VIOLATION (0xc0000005) at pc=0x00007ffe3713c759]

GC Heap History (0 events):
No events

Deoptimization events (0 events):
No events

Classes unloaded (0 events):
No events

Classes redefined (0 events):
No events

Internal exceptions (0 events):
No events

VM Operations (0 events):
No events

Events (1 events):
Event: 0.011 Loaded shared library C:\Program Files\Java\jdk-17\bin\java.dll


Dynamic libraries:
0x00007ff6af4f0000 - 0x00007ff6af500000 	C:\Program Files\Java\jdk-17\bin\java.exe
0x00007ffec5750000 - 0x00007ffec5964000 	C:\WINDOWS\SYSTEM32\ntdll.dll
0x00007ffec4b50000 - 0x00007ffec4c13000 	C:\WINDOWS\System32\KERNEL32.DLL
0x00007ffec2e40000 - 0x00007ffec31dc000 	C:\WINDOWS\System32\KERNELBASE.dll
0x00007ffec33c0000 - 0x00007ffec34d1000 	C:\WINDOWS\System32\ucrtbase.dll
0x00007ffebe0d0000 - 0x00007ffebe0e8000 	C:\Program Files\Java\jdk-17\bin\jli.dll
0x00007ffebe1d0000 - 0x00007ffebe1eb000 	C:\Program Files\Java\jdk-17\bin\VCRUNTIME140.dll
0x00007ffec48f0000 - 0x00007ffec499e000 	C:\WINDOWS\System32\ADVAPI32.dll
0x00007ffec5660000 - 0x00007ffec5707000 	C:\WINDOWS\System32\msvcrt.dll
0x00007ffec5530000 - 0x00007ffec55d4000 	C:\WINDOWS\System32\sechost.dll
0x00007ffec41b0000 - 0x00007ffec42c5000 	C:\WINDOWS\System32\RPCRT4.dll
0x00007ffec4d30000 - 0x00007ffec4edd000 	C:\WINDOWS\System32\USER32.dll
0x00007ffec2e10000 - 0x00007ffec2e36000 	C:\WINDOWS\System32\win32u.dll
0x00007ffec3680000 - 0x00007ffec36a9000 	C:\WINDOWS\System32\GDI32.dll
0x00007ffec2cf0000 - 0x00007ffec2e03000 	C:\WINDOWS\System32\gdi32full.dll
0x00007ffec2b90000 - 0x00007ffec2c2a000 	C:\WINDOWS\System32\msvcp_win.dll
0x00007ffea2500000 - 0x00007ffea278e000 	C:\WINDOWS\WinSxS\amd64_microsoft.windows.common-controls_6595b64144ccf1df_6.0.22621.608_none_a9444ca7c10bb01d\COMCTL32.dll
0x00007ffeba1f0000 - 0x00007ffeba1fa000 	C:\WINDOWS\SYSTEM32\VERSION.dll
0x00007ffec54e0000 - 0x00007ffec5511000 	C:\WINDOWS\System32\IMM32.DLL
0x00007ffebe1c0000 - 0x00007ffebe1cc000 	C:\Program Files\Java\jdk-17\bin\vcruntime140_1.dll
0x00007ffea2470000 - 0x00007ffea24fe000 	C:\Program Files\Java\jdk-17\bin\msvcp140.dll
0x00007ffe36a70000 - 0x00007ffe37647000 	C:\Program Files\Java\jdk-17\bin\server\jvm.dll
0x00007ffec5650000 - 0x00007ffec5658000 	C:\WINDOWS\System32\PSAPI.DLL
0x00007ffebe1f0000 - 0x00007ffebe1f9000 	C:\WINDOWS\SYSTEM32\WSOCK32.dll
0x00007ffec4cb0000 - 0x00007ffec4d21000 	C:\WINDOWS\System32\WS2_32.dll
0x00007ffebbe50000 - 0x00007ffebbe84000 	C:\WINDOWS\SYSTEM32\WINMM.dll
0x00007ffec1ba0000 - 0x00007ffec1bb8000 	C:\WINDOWS\SYSTEM32\kernel.appcore.dll
0x00007ffebe0c0000 - 0x00007ffebe0ca000 	C:\Program Files\Java\jdk-17\bin\jimage.dll
0x00007ffebf560000 - 0x00007ffebf78e000 	C:\WINDOWS\SYSTEM32\DBGHELP.DLL
0x00007ffec42d0000 - 0x00007ffec4659000 	C:\WINDOWS\System32\combase.dll
0x00007ffec3870000 - 0x00007ffec3947000 	C:\WINDOWS\System32\OLEAUT32.dll
0x00007ffeaf9c0000 - 0x00007ffeaf9f2000 	C:\WINDOWS\SYSTEM32\dbgcore.DLL
0x00007ffec34e0000 - 0x00007ffec355b000 	C:\WINDOWS\System32\bcryptPrimitives.dll
0x00007ffeaf8e0000 - 0x00007ffeaf91b000 	C:\Program Files\Java\jdk-17\bin\jdwp.dll
0x00007ffebdba0000 - 0x00007ffebdbc5000 	C:\Program Files\Java\jdk-17\bin\java.dll

dbghelp: loaded successfully - version: 4.0.5 - missing functions: none
symbol engine: initialized successfully - sym options: 0x614 - pdb path: .;C:\Program Files\Java\jdk-17\bin;C:\WINDOWS\SYSTEM32;C:\WINDOWS\WinSxS\amd64_microsoft.windows.common-controls_6595b64144ccf1df_6.0.22621.608_none_a9444ca7c10bb01d;C:\Program Files\Java\jdk-17\bin\server

VM Arguments:
jvm_args: -Dfile.encoding=UTF-8 -agentlib:jdwp=transport=dt_shmem,address=javadebug --module-path=C:\Users\hp\OneDrive\Documents\NetBeansProjects\Electricity Billing System\build\classes 
java_command: electricity.billing.system.Project
java_class_path (initial): C:\Users\hp\Downloads\mysql-connector-java-8.0.28.jar;C:\Users\hp\OneDrive\Documents\NetBeansProjects\Electricity Billing System\build\classes
Launcher Type: SUN_STANDARD

[Global flags]
     intx CICompilerCount                          = 4                                         {product} {ergonomic}
     uint ConcGCThreads                            = 2                                         {product} {ergonomic}
     uint G1ConcRefinementThreads                  = 8                                         {product} {ergonomic}
   size_t G1HeapRegionSize                         = 1048576                                   {product} {ergonomic}
    uintx GCDrainStackTargetSize                   = 64                                        {product} {ergonomic}
   size_t InitialHeapSize                          = 134217728                                 {product} {ergonomic}
   size_t MarkStackSize                            = 4194304                                   {product} {ergonomic}
   size_t MaxHeapSize                              = 2118123520                                {product} {ergonomic}
   size_t MinHeapDeltaBytes                        = 1048576                                   {product} {ergonomic}
   size_t MinHeapSize                              = 8388608                                   {product} {ergonomic}
    uintx NonNMethodCodeHeapSize                   = 5839372                                {pd product} {ergonomic}
    uintx NonProfiledCodeHeapSize                  = 122909434                              {pd product} {ergonomic}
    uintx ProfiledCodeHeapSize                     = 122909434                              {pd product} {ergonomic}
    uintx ReservedCodeCacheSize                    = 251658240                              {pd product} {ergonomic}
     bool SegmentedCodeCache                       = true                                      {product} {ergonomic}
   size_t SoftMaxHeapSize                          = 2118123520                             {manageable} {ergonomic}
     bool UseCompressedClassPointers               = true                           {product lp64_product} {ergonomic}
     bool UseCompressedOops                        = true                           {product lp64_product} {ergonomic}
     bool UseG1GC                                  = true                                      {product} {ergonomic}
     bool UseLargePagesIndividualAllocation        = false                                  {pd product} {ergonomic}

Logging:
Log output configuration:
 #0: stdout all=warning uptime,level,tags
 #1: stderr all=off uptime,level,tags

Environment Variables:
JAVA_HOME=C:\Program Files\Java\jdk-17
PATH=C:\Program Files\Common Files\Oracle\Java\javapath;C:\oraclexe\app\oracle\product\10.2.0\server\bin;C:\python3.10\Scripts\;C:\python3.10\;C:\Program Files (x86)\Common Files\ArcSoft\Bin;C:\WINDOWS\system32;C:\WINDOWS;C:\WINDOWS\System32\Wbem;C:\WINDOWS\System32\WindowsPowerShell\v1.0\;C:\WINDOWS\System32\OpenSSH\;C:\MinGW\bin;C:\Users\hp\AppData\Roaming\Sublime Text 3\Packages\User;C:\Users\hp\OneDrive\Documents\Visual Studio 2019\Code Snippets;C:\Users\hp\AppData\Local\Programs\Microsoft VS Code\bin;C:\Program Files\Go\bin;C:\Program Files\Java\jdk-17.0.2\bin;C:\Program Files\Git\cmd;C:\Program Files\nodejs\;C:\Program Files\swipl\bin;C:\Program Files\Java\jdk-17\bin;C:\Program Files\MySQL\MySQL Shell 8.0\bin\;C:\Users\hp\anaconda3;C:\Users\hp\anaconda3\Library\mingw-w64\bin;C:\Users\hp\anaconda3\Library\usr\bin;C:\Users\hp\anaconda3\Library\bin;C:\Users\hp\anaconda3\Scripts;E:\eee\ds;E:\eee\ds\Library\mingw-w64\bin;E:\eee\ds\Library\usr\bin;E:\eee\ds\Library\bin;E:\eee\ds\Scripts;C:\Users\hp\AppData\Local\Programs\Python\Python310\Scripts\;C:\Users\hp\AppData\Local\Programs\Python\Python310\;C:\Users\hp\AppData\Local\Microsoft\WindowsApps;C:\Program Files\JetBrains\PyCharm Community Edition 2022.3\bin;;C:\MinGW\bin;C:\python3.10\Scripts;C:\python3.10;C:\Users\hp\go\bin;C:\Users\hp\AppData\Local\Programs\Microsoft VS Code\bin;C:\Users\hp\AppData\Roaming\npm;
USERNAME=hp
OS=Windows_NT
PROCESSOR_IDENTIFIER=Intel64 Family 6 Model 142 Stepping 12, GenuineIntel



---------------  S Y S T E M  ---------------

OS:
 Windows 11 , 64 bit Build 22621 (10.0.22621.1344)
OS uptime: 6 days 4:59 hours
Hyper-V role detected

CPU: total 8 (initial active 8) (4 cores per cpu, 2 threads per core) family 6 model 142 stepping 12 microcode 0xea, cx8, cmov, fxsr, ht, mmx, 3dnowpref, sse, sse2, sse3, ssse3, sse4.1, sse4.2, popcnt, lzcnt, tsc, tscinvbit, avx, avx2, aes, erms, clmul, bmi1, bmi2, adx, fma, vzeroupper, clflush, clflushopt, hv

Memory: 4k page, system-wide physical 8072M (892M free)
TotalPageFile size 23128M (AvailPageFile size 76M)
current process WorkingSet (physical memory assigned to process): 11M, peak: 11M
current process commit charge ("private bytes"): 60M, peak: 188M

vm_info: Java HotSpot(TM) 64-Bit Server VM (17.0.6+9-LTS-190) for windows-amd64 JRE (17.0.6+9-LTS-190), built on Dec  6 2022 15:53:54 by "mach5one" with MS VC++ 17.1 (VS2022)

END.
